Build started 11/15/2015 8:59:21 PM.
     1>Project "C:\Users\Owner\Documents\GitHub\Seng-330-A2\Seng330A2\Seng330A2\Seng330A2.vcxproj" on node 2 (Build target(s)).
     1>ClCompile:
         C:\Program Files (x86)\Microsoft Visual Studio 14.0\VC\bin\CL.exe /c /ZI /nologo /W3 /WX- /sdl /Od /Oy- /D WIN32 /D _DEBUG /D _CONSOLE /D _UNICODE /D UNICODE /Gm /EHsc /RTC1 /MDd /GS /fp:precise /Zc:wchar_t /Zc:forScope /Zc:inline /Yu"stdafx.h" /Fp"Debug\Seng330A2.pch" /Fo"Debug\\" /Fd"Debug\vc140.pdb" /Gd /TP /analyze- /errorReport:prompt Bike.cpp Machine.cpp MachineFactory.cpp Seng330A2.cpp SquatRack.cpp Treadmill.cpp
         Treadmill.cpp
         SquatRack.cpp
         Seng330A2.cpp
     1>c:\users\owner\documents\github\seng-330-a2\seng330a2\seng330a2\seng330a2.cpp(1): warning C4627: '#include <iostream>': skipped when looking for precompiled header use
         c:\users\owner\documents\github\seng-330-a2\seng330a2\seng330a2\seng330a2.cpp(1): note: Add directive to 'stdafx.h' or rebuild precompiled header
     1>c:\users\owner\documents\github\seng-330-a2\seng330a2\seng330a2\seng330a2.cpp(2): warning C4627: '#include <map>': skipped when looking for precompiled header use
         c:\users\owner\documents\github\seng-330-a2\seng330a2\seng330a2\seng330a2.cpp(2): note: Add directive to 'stdafx.h' or rebuild precompiled header
     1>c:\users\owner\documents\github\seng-330-a2\seng330a2\seng330a2\seng330a2.cpp(3): warning C4627: '#include <list>': skipped when looking for precompiled header use
         c:\users\owner\documents\github\seng-330-a2\seng330a2\seng330a2\seng330a2.cpp(3): note: Add directive to 'stdafx.h' or rebuild precompiled header
     1>c:\users\owner\documents\github\seng-330-a2\seng330a2\seng330a2\seng330a2.cpp(4): warning C4627: '#include <string>': skipped when looking for precompiled header use
         c:\users\owner\documents\github\seng-330-a2\seng330a2\seng330a2\seng330a2.cpp(4): note: Add directive to 'stdafx.h' or rebuild precompiled header
     1>c:\users\owner\documents\github\seng-330-a2\seng330a2\seng330a2\seng330a2.cpp(5): warning C4627: '#include <istream>': skipped when looking for precompiled header use
         c:\users\owner\documents\github\seng-330-a2\seng330a2\seng330a2\seng330a2.cpp(5): note: Add directive to 'stdafx.h' or rebuild precompiled header
         MachineFactory.cpp
         Machine.cpp
         Bike.cpp
         Generating Code...
       Link:
         C:\Program Files (x86)\Microsoft Visual Studio 14.0\VC\bin\link.exe /ERRORREPORT:PROMPT /OUT:"C:\Users\Owner\Documents\GitHub\Seng-330-A2\Seng330A2\Debug\Seng330A2.exe" /INCREMENTAL /NOLOGO kernel32.lib user32.lib gdi32.lib winspool.lib comdlg32.lib advapi32.lib shell32.lib ole32.lib oleaut32.lib uuid.lib odbc32.lib odbccp32.lib /MANIFEST /MANIFESTUAC:"level='asInvoker' uiAccess='false'" /manifest:embed /Debug /PDB:"C:\Users\Owner\Documents\GitHub\Seng-330-A2\Seng330A2\Debug\Seng330A2.pdb" /SUBSYSTEM:CONSOLE /TLBID:1 /DYNAMICBASE /NXCOMPAT /IMPLIB:"C:\Users\Owner\Documents\GitHub\Seng-330-A2\Seng330A2\Debug\Seng330A2.lib" /MACHINE:X86 Debug\Bike.obj
         Debug\Machine.obj
         Debug\MachineFactory.obj
         Debug\Seng330A2.obj
         Debug\SquatRack.obj
         Debug\stdafx.obj
         Debug\Treadmill.obj
         Seng330A2.vcxproj -> C:\Users\Owner\Documents\GitHub\Seng-330-A2\Seng330A2\Debug\Seng330A2.exe
     1>Done Building Project "C:\Users\Owner\Documents\GitHub\Seng-330-A2\Seng330A2\Seng330A2\Seng330A2.vcxproj" (Build target(s)).

Build succeeded.

Time Elapsed 00:00:09.48
